Code:66   Type:Uppercase   Character: B
Code:114   Type:Lowercase   Character: r
Code:117   Type:Lowercase   Character: u
Code:99   Type:Lowercase   Character: c
Code:101   Type:Lowercase   Character: e
Code:32   Type:Whitespace   Character:  
Code:83   Type:Uppercase   Character: S
Code:97   Type:Lowercase   Character: a
Code:121   Type:Lowercase   Character: y
Code:115   Type:Lowercase   Character: s
Code:32   Type:Whitespace   Character:  
Code:72   Type:Uppercase   Character: H
Code:105   Type:Lowercase   Character: i
Code:33   Type:Specialcharacters   Character: !
Code: 7   Type:Others   Character: 
Code: 9   Type:Whitespace   Character: 	
Code:50   Type:Digit   Character: 2
Code:48   Type:Digit   Character: 0
Code:49   Type:Digit   Character: 1
Code:57   Type:Digit   Character: 9
